# JRE version: OpenJDK Runtime Environment (8.0_222) (build 1.8.0_222-10)
# Java VM: OpenJDK 64-Bit Server VM (25.222-b10 mixed mode windows-amd64 compressed oops)
Heap:
 PSYoungGen      total 141824K, used 32550K [0x000000076b100000, 0x0000000774600000, 0x00000007c0000000)
  eden space 131072K, 16% used [0x000000076b100000,0x000000076c64f488,0x0000000773100000)
  from space 10752K, 99% used [0x0000000773b80000,0x00000007745fa680,0x0000000774600000)
  to   space 10752K, 0% used [0x0000000773100000,0x0000000773100000,0x0000000773b80000)
 ParOldGen       total 175104K, used 17017K [0x00000006c1200000, 0x00000006cbd00000, 0x000000076b100000)
  object space 175104K, 9% used [0x00000006c1200000,0x00000006c229e518,0x00000006cbd00000)
 Metaspace       used 20542K, capacity 20832K, committed 21120K, reserved 1067008K
  class space    used 2544K, capacity 2600K, committed 2688K, reserved 1048576K
GC Heap History (8 events):
Event: 0.505 GC heap before
{Heap before GC invocations=1 (full 0):
 PSYoungGen      total 76288K, used 65536K [0x000000076b100000, 0x0000000770600000, 0x00000007c0000000)
  eden space 65536K, 100% used [0x000000076b100000,0x000000076f100000,0x000000076f100000)
  from space 10752K, 0% used [0x000000076fb80000,0x000000076fb80000,0x0000000770600000)
  to   space 10752K, 0% used [0x000000076f100000,0x000000076f100000,0x000000076fb80000)
 ParOldGen       total 175104K, used 0K [0x00000006c1200000, 0x00000006cbd00000, 0x000000076b100000)
  object space 175104K, 0% used [0x00000006c1200000,0x00000006c1200000,0x00000006cbd00000)
 Metaspace       used 8990K, capacity 9102K, committed 9344K, reserved 1056768K
  class space    used 1070K, capacity 1109K, committed 1152K, reserved 1048576K
Event: 0.510 GC heap after
Heap after GC invocations=1 (full 0):
 PSYoungGen      total 76288K, used 10748K [0x000000076b100000, 0x0000000770600000, 0x00000007c0000000)
  eden space 65536K, 0% used [0x000000076b100000,0x000000076b100000,0x000000076f100000)
  from space 10752K, 99% used [0x000000076f100000,0x000000076fb7f090,0x000000076fb80000)
  to   space 10752K, 0% used [0x000000076fb80000,0x000000076fb80000,0x0000000770600000)
 ParOldGen       total 175104K, used 1983K [0x00000006c1200000, 0x00000006cbd00000, 0x000000076b100000)
  object space 175104K, 1% used [0x00000006c1200000,0x00000006c13efdc0,0x00000006cbd00000)
 Metaspace       used 8990K, capacity 9102K, committed 9344K, reserved 1056768K
  class space    used 1070K, capacity 1109K, committed 1152K, reserved 1048576K
}
Event: 0.957 GC heap before
{Heap before GC invocations=2 (full 0):
 PSYoungGen      total 76288K, used 76284K [0x000000076b100000, 0x0000000770600000, 0x00000007c0000000)
  eden space 65536K, 100% used [0x000000076b100000,0x000000076f100000,0x000000076f100000)
  from space 10752K, 99% used [0x000000076f100000,0x000000076fb7f090,0x000000076fb80000)
  to   space 10752K, 0% used [0x000000076fb80000,0x000000076fb80000,0x0000000770600000)
 ParOldGen       total 175104K, used 1983K [0x00000006c1200000, 0x00000006cbd00000, 0x000000076b100000)
  object space 175104K, 1% used [0x00000006c1200000,0x00000006c13efdc0,0x00000006cbd00000)
 Metaspace       used 15829K, capacity 16022K, committed 16256K, reserved 1062912K
  class space    used 2035K, capacity 2081K, committed 2176K, reserved 1048576K
Event: 0.964 GC heap after
Heap after GC invocations=2 (full 0):
 PSYoungGen      total 76288K, used 10728K [0x000000076b100000, 0x0000000774600000, 0x00000007c0000000)
  eden space 65536K, 0% used [0x000000076b100000,0x000000076b100000,0x000000076f100000)
  from space 10752K, 99% used [0x000000076fb80000,0x00000007705fa030,0x0000000770600000)
  to   space 10752K, 0% used [0x000000076f100000,0x000000076f100000,0x000000076fb80000)
 ParOldGen       total 175104K, used 11063K [0x00000006c1200000, 0x00000006cbd00000, 0x000000076b100000)
  object space 175104K, 6% used [0x00000006c1200000,0x00000006c1ccdd40,0x00000006cbd00000)
 Metaspace       used 15829K, capacity 16022K, committed 16256K, reserved 1062912K
  class space    used 2035K, capacity 2081K, committed 2176K, reserved 1048576K
}
Event: 1.441 GC heap before
{Heap before GC invocations=3 (full 0):
 PSYoungGen      total 76288K, used 76264K [0x000000076b100000, 0x0000000774600000, 0x00000007c0000000)
  eden space 65536K, 100% used [0x000000076b100000,0x000000076f100000,0x000000076f100000)
  from space 10752K, 99% used [0x000000076fb80000,0x00000007705fa030,0x0000000770600000)
  to   space 10752K, 0% used [0x000000076f100000,0x000000076f100000,0x000000076fb80000)
 ParOldGen       total 175104K, used 11063K [0x00000006c1200000, 0x00000006cbd00000, 0x000000076b100000)
  object space 175104K, 6% used [0x00000006c1200000,0x00000006c1ccdd40,0x00000006cbd00000)
 Metaspace       used 19172K, capacity 19322K, committed 19712K, reserved 1067008K
  class space    used 2417K, capacity 2455K, committed 2560K, reserved 1048576K
Event: 1.448 GC heap after
Heap after GC invocations=3 (full 0):
 PSYoungGen      total 76288K, used 10746K [0x000000076b100000, 0x0000000774600000, 0x00000007c0000000)
  eden space 65536K, 0% used [0x000000076b100000,0x000000076b100000,0x000000076f100000)
  from space 10752K, 99% used [0x000000076f100000,0x000000076fb7eac8,0x000000076fb80000)
  to   space 10752K, 0% used [0x0000000773b80000,0x0000000773b80000,0x0000000774600000)
 ParOldGen       total 175104K, used 16567K [0x00000006c1200000, 0x00000006cbd00000, 0x000000076b100000)
  object space 175104K, 9% used [0x00000006c1200000,0x00000006c222df98,0x00000006cbd00000)
 Metaspace       used 19172K, capacity 19322K, committed 19712K, reserved 1067008K
  class space    used 2417K, capacity 2455K, committed 2560K, reserved 1048576K
}
Event: 1.677 GC heap before
{Heap before GC invocations=4 (full 0):
 PSYoungGen      total 76288K, used 76282K [0x000000076b100000, 0x0000000774600000, 0x00000007c0000000)
  eden space 65536K, 100% used [0x000000076b100000,0x000000076f100000,0x000000076f100000)
  from space 10752K, 99% used [0x000000076f100000,0x000000076fb7eac8,0x000000076fb80000)
  to   space 10752K, 0% used [0x0000000773b80000,0x0000000773b80000,0x0000000774600000)
 ParOldGen       total 175104K, used 16567K [0x00000006c1200000, 0x00000006cbd00000, 0x000000076b100000)
  object space 175104K, 9% used [0x00000006c1200000,0x00000006c222df98,0x00000006cbd00000)
 Metaspace       used 19554K, capacity 19802K, committed 19968K, reserved 1067008K
  class space    used 2440K, capacity 2471K, committed 2560K, reserved 1048576K
Event: 1.683 GC heap after
Heap after GC invocations=4 (full 0):
 PSYoungGen      total 141824K, used 10729K [0x000000076b100000, 0x0000000774600000, 0x00000007c0000000)
  eden space 131072K, 0% used [0x000000076b100000,0x000000076b100000,0x0000000773100000)
  from space 10752K, 99% used [0x0000000773b80000,0x00000007745fa680,0x0000000774600000)
  to   space 10752K, 0% used [0x0000000773100000,0x0000000773100000,0x0000000773b80000)
 ParOldGen       total 175104K, used 17017K [0x00000006c1200000, 0x00000006cbd00000, 0x000000076b100000)
  object space 175104K, 9% used [0x00000006c1200000,0x00000006c229e518,0x00000006cbd00000)
 Metaspace       used 19554K, capacity 19802K, committed 19968K, reserved 1067008K
  class space    used 2440K, capacity 2471K, committed 2560K, reserved 1048576K
}

